<?xml version="1.0" encoding="UTF-8"?>
<robot generator="Robot 6.0.2 (Python 3.10.4 on win32)" generated="20230125 16:25:47.451" rpa="false" schemaversion="3">
<suite id="s1" name="Add Employee Test" source="C:\Users\40032433\Orange_automation\2__employee_suite\01__add_employee_test.robot">
<test id="s1-t1" name="TC1" line="13">
<kw name="Launch Browser And Navigate TO Url" library="common_functionalities" type="SETUP">
<kw name="Open Browser" library="SeleniumLibrary">
<arg>browser=${BROWSER_NAME}</arg>
<doc>Opens a new browser instance to the optional ``url``.</doc>
<msg timestamp="20230125 16:25:48.583" level="INFO">Opening browser 'chrome' to base url 'None'.</msg>
<status status="PASS" starttime="20230125 16:25:48.583" endtime="20230125 16:25:50.312"/>
</kw>
<kw name="Maximize Browser Window" library="SeleniumLibrary">
<doc>Maximizes current browser window.</doc>
<status status="PASS" starttime="20230125 16:25:50.313" endtime="20230125 16:25:50.445"/>
</kw>
<kw name="Set Selenium Implicit Wait" library="SeleniumLibrary">
<arg>20s</arg>
<doc>Sets the implicit wait value used by Selenium.</doc>
<status status="PASS" starttime="20230125 16:25:50.446" endtime="20230125 16:25:50.454"/>
</kw>
<kw name="Go To" library="SeleniumLibrary">
<arg>url=${URl}</arg>
<doc>Navigates the current browser window to the provided ``url``.</doc>
<msg timestamp="20230125 16:25:50.456" level="INFO">Opening url 'https://opensource-demo.orangehrmlive.com/'</msg>
<status status="PASS" starttime="20230125 16:25:50.455" endtime="20230125 16:25:54.926"/>
</kw>
<status status="PASS" starttime="20230125 16:25:48.583" endtime="20230125 16:25:54.926"/>
</kw>
<kw name="Add Valid Employee Template">
<arg>Admin</arg>
<arg>admin123</arg>
<arg>John</arg>
<arg>j</arg>
<arg>Ken</arg>
<arg>John Ken</arg>
<arg>John</arg>
<kw name="Input Text" library="SeleniumLibrary">
<arg>name=username</arg>
<arg>${username}</arg>
<doc>Types the given ``text`` into the text field identified by ``locator``.</doc>
<msg timestamp="20230125 16:25:54.928" level="INFO">Typing text 'Admin' into text field 'name=username'.</msg>
<status status="PASS" starttime="20230125 16:25:54.927" endtime="20230125 16:25:56.099"/>
</kw>
<kw name="Input Password" library="SeleniumLibrary">
<arg>name=password</arg>
<arg>${password}</arg>
<doc>Types the given password into the text field identified by ``locator``.</doc>
<msg timestamp="20230125 16:25:56.100" level="INFO">Typing password into text field 'name=password'.</msg>
<msg timestamp="20230125 16:25:56.141" level="INFO">Temporally setting log level to: NONE</msg>
<msg timestamp="20230125 16:25:56.218" level="INFO">Log level changed from NONE to INFO.</msg>
<status status="PASS" starttime="20230125 16:25:56.100" endtime="20230125 16:25:56.218"/>
</kw>
<kw name="Click Element" library="SeleniumLibrary">
<arg>xpath=//button[@class='oxd-button oxd-button--medium oxd-button--main orangehrm-login-button']</arg>
<doc>Click the element identified by ``locator``.</doc>
<msg timestamp="20230125 16:25:56.218" level="INFO">Clicking element 'xpath=//button[@class='oxd-button oxd-button--medium oxd-button--main orangehrm-login-button']'.</msg>
<status status="PASS" starttime="20230125 16:25:56.218" endtime="20230125 16:25:58.065"/>
</kw>
<kw name="Click Element" library="SeleniumLibrary">
<arg>xpath=//span[contains(normalize-space(),'PIM')]</arg>
<doc>Click the element identified by ``locator``.</doc>
<msg timestamp="20230125 16:25:58.066" level="INFO">Clicking element 'xpath=//span[contains(normalize-space(),'PIM')]'.</msg>
<status status="PASS" starttime="20230125 16:25:58.065" endtime="20230125 16:26:00.448"/>
</kw>
<kw name="Click Element" library="SeleniumLibrary">
<arg>link=Add Employee</arg>
<doc>Click the element identified by ``locator``.</doc>
<msg timestamp="20230125 16:26:00.450" level="INFO">Clicking element 'link=Add Employee'.</msg>
<status status="PASS" starttime="20230125 16:26:00.449" endtime="20230125 16:26:02.415"/>
</kw>
<kw name="Input Text" library="SeleniumLibrary">
<arg>name=firstName</arg>
<arg>${firstname}</arg>
<doc>Types the given ``text`` into the text field identified by ``locator``.</doc>
<msg timestamp="20230125 16:26:02.418" level="INFO">Typing text 'John' into text field 'name=firstName'.</msg>
<status status="PASS" starttime="20230125 16:26:02.416" endtime="20230125 16:26:03.043"/>
</kw>
<kw name="Input Text" library="SeleniumLibrary">
<arg>name=middleName</arg>
<arg>${middlename}</arg>
<doc>Types the given ``text`` into the text field identified by ``locator``.</doc>
<msg timestamp="20230125 16:26:03.044" level="INFO">Typing text 'j' into text field 'name=middleName'.</msg>
<status status="PASS" starttime="20230125 16:26:03.043" endtime="20230125 16:26:03.151"/>
</kw>
<kw name="Input Text" library="SeleniumLibrary">
<arg>name=lastName</arg>
<arg>${lastname}</arg>
<doc>Types the given ``text`` into the text field identified by ``locator``.</doc>
<msg timestamp="20230125 16:26:03.153" level="INFO">Typing text 'Ken' into text field 'name=lastName'.</msg>
<status status="PASS" starttime="20230125 16:26:03.152" endtime="20230125 16:26:03.281"/>
</kw>
<kw name="Click Element" library="SeleniumLibrary">
<arg>xpath=//button[contains(normalize-space(),'Save')]</arg>
<doc>Click the element identified by ``locator``.</doc>
<msg timestamp="20230125 16:26:03.282" level="INFO">Clicking element 'xpath=//button[contains(normalize-space(),'Save')]'.</msg>
<status status="PASS" starttime="20230125 16:26:03.281" endtime="20230125 16:26:03.848"/>
</kw>
<kw name="Wait Until Page Contains" library="SeleniumLibrary">
<arg>${expected_header}</arg>
<doc>Waits until ``text`` appears on the current page.</doc>
<status status="PASS" starttime="20230125 16:26:03.848" endtime="20230125 16:26:08.991"/>
</kw>
<kw name="Element Should Contain" library="SeleniumLibrary">
<arg>xpath=//h6[contains(normalize-space(),'${firstname}')]</arg>
<arg>${expected_header}</arg>
<doc>Verifies that element ``locator`` contains text ``expected``.</doc>
<msg timestamp="20230125 16:26:09.026" level="INFO">Element 'xpath=//h6[contains(normalize-space(),'John')]' contains text 'John Ken'.</msg>
<status status="PASS" starttime="20230125 16:26:08.992" endtime="20230125 16:26:09.026"/>
</kw>
<kw name="Sleep" library="BuiltIn">
<arg>5s</arg>
<doc>Pauses the test executed for the given time.</doc>
<msg timestamp="20230125 16:26:14.039" level="INFO">Slept 5 seconds</msg>
<status status="PASS" starttime="20230125 16:26:09.026" endtime="20230125 16:26:14.039"/>
</kw>
<kw name="Element Attribute Value Should Be" library="SeleniumLibrary">
<arg>name:firstName</arg>
<arg>value</arg>
<arg>${expected_firstname}</arg>
<doc>Verifies element identified by ``locator`` contains expected attribute value.</doc>
<msg timestamp="20230125 16:26:14.077" level="INFO">Element 'name:firstName' attribute 'value' contains value 'John'.</msg>
<status status="PASS" starttime="20230125 16:26:14.039" endtime="20230125 16:26:14.077"/>
</kw>
<status status="PASS" starttime="20230125 16:25:54.926" endtime="20230125 16:26:14.077"/>
</kw>
<kw name="Close Browser" library="SeleniumLibrary" type="TEARDOWN">
<doc>Closes the current browser.</doc>
<status status="PASS" starttime="20230125 16:26:14.077" endtime="20230125 16:26:16.319"/>
</kw>
<status status="PASS" starttime="20230125 16:25:48.583" endtime="20230125 16:26:16.319"/>
</test>
<test id="s1-t2" name="TC1" line="13">
<kw name="Launch Browser And Navigate TO Url" library="common_functionalities" type="SETUP">
<kw name="Open Browser" library="SeleniumLibrary">
<arg>browser=${BROWSER_NAME}</arg>
<doc>Opens a new browser instance to the optional ``url``.</doc>
<msg timestamp="20230125 16:26:16.319" level="INFO">Opening browser 'chrome' to base url 'None'.</msg>
<status status="PASS" starttime="20230125 16:26:16.319" endtime="20230125 16:26:18.133"/>
</kw>
<kw name="Maximize Browser Window" library="SeleniumLibrary">
<doc>Maximizes current browser window.</doc>
<status status="PASS" starttime="20230125 16:26:18.134" endtime="20230125 16:26:18.261"/>
</kw>
<kw name="Set Selenium Implicit Wait" library="SeleniumLibrary">
<arg>20s</arg>
<doc>Sets the implicit wait value used by Selenium.</doc>
<status status="PASS" starttime="20230125 16:26:18.262" endtime="20230125 16:26:18.264"/>
</kw>
<kw name="Go To" library="SeleniumLibrary">
<arg>url=${URl}</arg>
<doc>Navigates the current browser window to the provided ``url``.</doc>
<msg timestamp="20230125 16:26:18.265" level="INFO">Opening url 'https://opensource-demo.orangehrmlive.com/'</msg>
<status status="PASS" starttime="20230125 16:26:18.264" endtime="20230125 16:26:22.355"/>
</kw>
<status status="PASS" starttime="20230125 16:26:16.319" endtime="20230125 16:26:22.355"/>
</kw>
<kw name="Add Valid Employee Template">
<arg>Admin</arg>
<arg>admin123</arg>
<arg>Paul</arg>
<arg>j</arg>
<arg>vincent</arg>
<arg>Paul vincent</arg>
<arg>Paul</arg>
<kw name="Input Text" library="SeleniumLibrary">
<arg>name=username</arg>
<arg>${username}</arg>
<doc>Types the given ``text`` into the text field identified by ``locator``.</doc>
<msg timestamp="20230125 16:26:22.380" level="INFO">Typing text 'Admin' into text field 'name=username'.</msg>
<status status="PASS" starttime="20230125 16:26:22.357" endtime="20230125 16:26:23.575"/>
</kw>
<kw name="Input Password" library="SeleniumLibrary">
<arg>name=password</arg>
<arg>${password}</arg>
<doc>Types the given password into the text field identified by ``locator``.</doc>
<msg timestamp="20230125 16:26:23.575" level="INFO">Typing password into text field 'name=password'.</msg>
<msg timestamp="20230125 16:26:23.643" level="INFO">Temporally setting log level to: NONE</msg>
<msg timestamp="20230125 16:26:23.699" level="INFO">Log level changed from NONE to INFO.</msg>
<status status="PASS" starttime="20230125 16:26:23.575" endtime="20230125 16:26:23.699"/>
</kw>
<kw name="Click Element" library="SeleniumLibrary">
<arg>xpath=//button[@class='oxd-button oxd-button--medium oxd-button--main orangehrm-login-button']</arg>
<doc>Click the element identified by ``locator``.</doc>
<msg timestamp="20230125 16:26:23.699" level="INFO">Clicking element 'xpath=//button[@class='oxd-button oxd-button--medium oxd-button--main orangehrm-login-button']'.</msg>
<status status="PASS" starttime="20230125 16:26:23.699" endtime="20230125 16:26:23.786"/>
</kw>
<kw name="Click Element" library="SeleniumLibrary">
<arg>xpath=//span[contains(normalize-space(),'PIM')]</arg>
<doc>Click the element identified by ``locator``.</doc>
<msg timestamp="20230125 16:26:23.788" level="INFO">Clicking element 'xpath=//span[contains(normalize-space(),'PIM')]'.</msg>
<status status="PASS" starttime="20230125 16:26:23.786" endtime="20230125 16:26:26.894"/>
</kw>
<kw name="Click Element" library="SeleniumLibrary">
<arg>link=Add Employee</arg>
<doc>Click the element identified by ``locator``.</doc>
<msg timestamp="20230125 16:26:26.894" level="INFO">Clicking element 'link=Add Employee'.</msg>
<status status="PASS" starttime="20230125 16:26:26.894" endtime="20230125 16:26:28.322"/>
</kw>
<kw name="Input Text" library="SeleniumLibrary">
<arg>name=firstName</arg>
<arg>${firstname}</arg>
<doc>Types the given ``text`` into the text field identified by ``locator``.</doc>
<msg timestamp="20230125 16:26:28.323" level="INFO">Typing text 'Paul' into text field 'name=firstName'.</msg>
<status status="PASS" starttime="20230125 16:26:28.322" endtime="20230125 16:26:28.765"/>
</kw>
<kw name="Input Text" library="SeleniumLibrary">
<arg>name=middleName</arg>
<arg>${middlename}</arg>
<doc>Types the given ``text`` into the text field identified by ``locator``.</doc>
<msg timestamp="20230125 16:26:28.766" level="INFO">Typing text 'j' into text field 'name=middleName'.</msg>
<status status="PASS" starttime="20230125 16:26:28.766" endtime="20230125 16:26:28.887"/>
</kw>
<kw name="Input Text" library="SeleniumLibrary">
<arg>name=lastName</arg>
<arg>${lastname}</arg>
<doc>Types the given ``text`` into the text field identified by ``locator``.</doc>
<msg timestamp="20230125 16:26:28.888" level="INFO">Typing text 'vincent' into text field 'name=lastName'.</msg>
<status status="PASS" starttime="20230125 16:26:28.887" endtime="20230125 16:26:29.010"/>
</kw>
<kw name="Click Element" library="SeleniumLibrary">
<arg>xpath=//button[contains(normalize-space(),'Save')]</arg>
<doc>Click the element identified by ``locator``.</doc>
<msg timestamp="20230125 16:26:29.011" level="INFO">Clicking element 'xpath=//button[contains(normalize-space(),'Save')]'.</msg>
<status status="PASS" starttime="20230125 16:26:29.010" endtime="20230125 16:26:29.618"/>
</kw>
<kw name="Wait Until Page Contains" library="SeleniumLibrary">
<arg>${expected_header}</arg>
<doc>Waits until ``text`` appears on the current page.</doc>
<status status="PASS" starttime="20230125 16:26:29.619" endtime="20230125 16:26:43.657"/>
</kw>
<kw name="Element Should Contain" library="SeleniumLibrary">
<arg>xpath=//h6[contains(normalize-space(),'${firstname}')]</arg>
<arg>${expected_header}</arg>
<doc>Verifies that element ``locator`` contains text ``expected``.</doc>
<msg timestamp="20230125 16:26:43.702" level="INFO">Element 'xpath=//h6[contains(normalize-space(),'Paul')]' contains text 'Paul vincent'.</msg>
<status status="PASS" starttime="20230125 16:26:43.658" endtime="20230125 16:26:43.702"/>
</kw>
<kw name="Sleep" library="BuiltIn">
<arg>5s</arg>
<doc>Pauses the test executed for the given time.</doc>
<msg timestamp="20230125 16:26:48.707" level="INFO">Slept 5 seconds</msg>
<status status="PASS" starttime="20230125 16:26:43.702" endtime="20230125 16:26:48.707"/>
</kw>
<kw name="Element Attribute Value Should Be" library="SeleniumLibrary">
<arg>name:firstName</arg>
<arg>value</arg>
<arg>${expected_firstname}</arg>
<doc>Verifies element identified by ``locator`` contains expected attribute value.</doc>
<msg timestamp="20230125 16:26:48.741" level="INFO">Element 'name:firstName' attribute 'value' contains value 'Paul'.</msg>
<status status="PASS" starttime="20230125 16:26:48.707" endtime="20230125 16:26:48.741"/>
</kw>
<status status="PASS" starttime="20230125 16:26:22.356" endtime="20230125 16:26:48.741"/>
</kw>
<kw name="Close Browser" library="SeleniumLibrary" type="TEARDOWN">
<doc>Closes the current browser.</doc>
<status status="PASS" starttime="20230125 16:26:48.741" endtime="20230125 16:26:51.015"/>
</kw>
<status status="PASS" starttime="20230125 16:26:16.319" endtime="20230125 16:26:51.016"/>
</test>
<doc>this file contains test casses related to invalid login</doc>
<status status="PASS" starttime="20230125 16:25:47.451" endtime="20230125 16:26:51.016"/>
</suite>
<statistics>
<total>
<stat pass="2" fail="0" skip="0">All Tests</stat>
</total>
<tag>
</tag>
<suite>
<stat pass="2" fail="0" skip="0" id="s1" name="Add Employee Test">Add Employee Test</stat>
</suite>
</statistics>
<errors>
<msg timestamp="20230125 16:26:16.319" level="WARN">Multiple tests with name 'TC1' executed in suite 'Add Employee Test'.</msg>
</errors>
</robot>
